**********************************************************
OPT++ version 2.4
Job run at Wed Jan  6 18:02:43 2016

**********************************************************

		 NIPS Iteration Summary

	Nonlinear Interior-Point Method Method with Line Search 
 
  Merit Function =  1 

  Iter    F(x)       mu          alpha      Merit    feval    btracks  Penalty

    0      0.01206      0.03947 
    1      0.01375      0.03947      0.7799        671.4    2   0      1e+02
    2      0.01378      0.03947      0.8951        669.9    3   0      1e+02
    3      0.01419      0.03947      0.9511        655.9    4   0      1e+02
    4      0.01474      0.03947      0.9989        642.7    5   0      1e+02
    5      0.01463      0.03947      0.9997        631.1    6   0      1e+02
    6      0.01603      0.03947           1        364.6    7   0      1e+02
    7      0.01914      0.03947      0.4301        360.9    8   0      1e+02
    8      0.02216      0.03947           1        334.2    9   0      1e+02
    9      0.02258      0.03947           1        316.7   10   0      1e+02
   10      0.01999    0.0003947      0.8871        13.45   11   0      1e+02
   11       0.0125    0.0003947      0.9737        7.287   12   0      1e+02
   12       0.0112    0.0003947           1        6.714   13   0      1e+02
   13      0.01073    0.0003947           1        6.632   14   0      1e+02
   14      0.01011    3.947e-06      0.8424       0.2095   15   0      1e+02
   15     0.009784    3.947e-06      0.5648       0.1485   16   0      1e+02
   16     0.009497    3.947e-06      0.7823       0.1208   17   0      1e+02
   17     0.009267    3.947e-06     0.02802       0.1206   20   2      1e+02
   18     0.009102    3.947e-06      0.1974       0.1185   21   2      1e+02
   19     0.009163    3.947e-06      0.1858       0.1166   22   2      1e+02
   20     0.009166    3.947e-06     0.03477       0.1155   24   3      1e+02
   21     0.009191    3.947e-06     0.03037       0.1148   27   5      1e+02
   22     0.009338    3.947e-06     0.07347       0.1137   29   6      1e+02
   23     0.009008    3.947e-06           1       0.1099   30   6      1e+02
   24     0.009024    3.947e-06     0.03343       0.1098   35  10      1e+02
   25     0.008988    3.947e-08      0.5282      0.01364   36  10      1e+02
   26     0.009049    3.947e-08      0.2648      0.01257   37  10      1e+02
   27     0.008987    3.947e-08       0.373      0.01166   38  10      1e+02
   28     0.008873    3.947e-08      0.2011      0.01158   39  10      1e+02
   29      0.00888    3.947e-08      0.3136      0.01084   40  10      1e+02
   30     0.008924    3.947e-08      0.2658      0.01072   41  10      1e+02
   31     0.008971    3.947e-08     0.01908      0.01071   42  10      1e+02
   32     0.009047    3.947e-08      0.8714       0.0105   43  10      1e+02
   33     0.008963    3.947e-08    0.002352      0.01041   45  11      1e+02
   34     0.008977    3.947e-08    0.005882       0.0104   47  12      1e+02
   35     0.008927    3.947e-08    0.005987      0.01033   49  13      1e+02
step_type = -1


=========  Solution from Opt++  ===========

Optimization method       = Nonlinear Interior-Point Method
Dimension of the problem  = 9
No. equalities            = 0
No. inequalities          = 19
Merit Function (0= NormFmu, 1 = Argaez, 2 = Vanderbei) = 1
Return code               = -1 (Algorithm terminated - Number of backtracks exceeds the specified limit)
No. iterations taken      = 36
No. function evaluations  = 54
No. gradient evaluations  = 54
No. backtracks in lnsrch  = 18


=========  Solution from Opt++  ===========


    i	    xc 		 grad  		 fcn_accrcy 
     0      0.0298	      0.1228	    2.22e-16
     1     0.03276	     0.05093	    2.22e-16
     2       0.331	   0.0008738	    2.22e-16
     3      0.3262	    0.002769	    2.22e-16
     4        0.08	     0.02565	    2.22e-16
     5        0.15	  -0.0005117	    2.22e-16
     6       1.453	    0.001712	    2.22e-16
     7          15	   0.0004441	    2.22e-16
     8         0.5	    0.006229	    2.22e-16
Function Value     =     0.008927
Norm of gradient   =       0.1356


==============================================



=========  Solution from Opt++  ===========


    i	   y    



=====================================


    i	    z 	      s

    0     0.01571   6.397e-06
    1   2.766e-06      0.0298
    2   2.519e-06     0.03276
    3   2.161e-06     0.03104
    4   2.413e-06     0.02625
    5     0.01627   2.166e-06
    6   1.079e-06     0.06999
    7    7.22e-09       11.45
    8   8.093e-09       9.998
    9   5.714e-05    4.06e-06
   10   4.077e-06      0.0202
   11   4.786e-06     0.01724
   12    4.84e-07       0.169
   13   4.341e-07      0.1738
   14    1.17e-06        0.07
   15   0.0004433   6.307e-06
   16   9.531e-09       8.547
   17   0.0001013    0.002208
   18   8.191e-08           1


==========  Tolerances  ===========

Machine Epsilon      = 2.22045e-16
Maximum Step         = 1000
Minimum Step         = 1.49012e-08
Maximum Iter         = 500
Maximum Backtracks   = 5
Maximum Fcn Eval     = 1000
Step Tolerance       = 1.49012e-08
Function Tolerance   = 1e-06
Constraint Tolerance = 1.49012e-08
Gradient Tolerance   = 0.0001
LineSearch Tolerance = 0.0001
