**********************************************************
OPT++ version 2.4
Job run at Tue Jan 12 07:53:07 2016

**********************************************************
readOptInput: No opt.input file found
readOptInput: default values will be used


=========  Initial state  ===========


    i	    xc 		 grad  		 fcn_accrcy 
     0   0.0007401	       601.9	    2.22e-16
     1    0.002231	       -21.6	    2.22e-16
     2      0.4567	      0.7268	    2.22e-16
     3      0.4615	     -0.9627	    2.22e-16
     4        0.08	       171.7	    2.22e-16
     5        0.08	       12.27	    2.22e-16
     6          15	      -2.186	    2.22e-16
     7         0.5	       33.47	    2.22e-16
Function Value     =       -60.97
Norm of gradient   =        627.3


==============================================


		Bound constrained Quasi-Newton Method with Line Search

  Iter      F(x)       ||grad||     ||step||      f/g

    0       -60.97        627.3
OptBCNewtonLike : variable added to working set : 4
OptBCNewtonLike : variable added to working set : 5
OptBCNewtonLike : variable added to working set : 6
OptBCNewtonLike : variable added to working set : 7
OptBCNewtonLike: Current working set  
 ----- variable index:      4	0.08     5	0.08     6	15     7	0.5
     1       -61.02          776    4.475e-05  B     4     2
OptBCNewtonLike: Current working set  
 ----- variable index:      4	0.08     5	0.08     6	15     7	0.5
     2       -61.02        748.3    4.106e-07  B     9     3
OptBCNewtonLike: Current working set  
 ----- variable index:      4	0.08     5	0.08     6	15     7	0.5
     3       -61.03        767.8    1.783e-07  B    15     4
checkConvg: snorm =    1.783e-07  stol =    2.239e-07
OptBCNewtonLike : reduced_grad_norm = 747.023
OptBCNewtonLike: Current working set  
 ----- variable index:      4	0.08     5	0.08     6	15     7	0.5
 OptBCNewtonLike : convergence achieved. 


=========  Solution from Opt++  ===========

Optimization method       = Bound constrained Quasi-Newton
Dimension of the problem  = 8
No. of bound constraints  = 8
Return code               = 1 (Algorithm converged - Norm of last step is less than step tolerance)
No. iterations taken      = 3
No. function evaluations  = 15
No. gradient evaluations  = 4


=========  Solution from Opt++  ===========


    i	    xc 		 grad  		 fcn_accrcy 
     0   0.0006949	       744.5	    2.22e-16
     1    0.002233	       61.21	    2.22e-16
     2      0.4567	        1.63	    2.22e-16
     3      0.4615	     -0.1006	    2.22e-16
     4        0.08	       172.3	    2.22e-16
     5        0.08	       22.91	    2.22e-16
     6          15	      -2.209	    2.22e-16
     7         0.5	       34.23	    2.22e-16
Function Value     =       -61.03
Norm of gradient   =        767.8


==============================================



==========  Tolerances  ===========

Machine Epsilon      = 2.22045e-16
Maximum Step         = 1000
Minimum Step         = 1.49012e-08
Maximum Iter         = 500
Maximum Backtracks   = 5
Maximum Fcn Eval     = 1000
Step Tolerance       = 1.49012e-08
Function Tolerance   = 1e-06
Constraint Tolerance = 1.49012e-08
Gradient Tolerance   = 0.0001
LineSearch Tolerance = 0.0001
