**********************************************************
OPT++ version 2.4
Job run at Sun Jan 10 17:16:41 2016

**********************************************************

		 NIPS Iteration Summary

	Nonlinear Interior-Point Method Method with Line Search 
 
  Merit Function =  1 

  Iter    F(x)       mu          alpha      Merit    feval    btracks  Penalty

    0      0.01248      0.05636 
    1      0.01288      0.05636      0.8689        845.8    2   0      1e+02
    2      0.01345      0.05636      0.8894        831.8    3   0      1e+02
    3      0.01367      0.05636       0.818        819.4    4   0      1e+02
    4      0.01404      0.05636      0.8088          808    5   0      1e+02
    5      0.01422      0.05636      0.8401        797.9    6   0      1e+02
    6      0.01461      0.05636      0.8436        788.4    7   0      1e+02
    7      0.01486      0.05636       0.849        779.9    8   0      1e+02
    8      0.01498      0.05636      0.8727        772.1    9   0      1e+02
    9      0.01527      0.05636      0.8919        764.7   10   0      1e+02
   10      0.01556      0.05636      0.9069        757.7   11   0      1e+02
   11      0.01558      0.05636       0.897        751.3   12   0      1e+02
   12      0.01599      0.05636      0.8977        744.8   13   0      1e+02
   13      0.01606      0.05636      0.8909        738.9   14   0      1e+02
   14      0.01622      0.05636       0.905        733.2   15   0      1e+02
   15      0.01638      0.05636      0.8331        724.7   16   0      1e+02
   16      0.01672      0.05636       0.837        716.7   17   0      1e+02
   17      0.01667      0.05636      0.9304          712   18   0      1e+02
   18      0.01697      0.05636      0.9297          707   19   0      1e+02
   19      0.01692      0.05636      0.9251        702.5   20   0      1e+02
   20      0.01713      0.05636      0.9479        697.8   21   0      1e+02
   21      0.01728      0.05636       0.947        693.3   22   0      1e+02
   22      0.01733      0.05636      0.9472          689   23   0      1e+02
   23      0.02093      0.05636           1        470.3   24   0      1e+02
   24      0.03085      0.05636           1        436.7   25   0      1e+02
   25      0.03321      0.05636           1        415.2   26   0      1e+02
   26      0.03038    0.0005636      0.8998        18.24   27   0      1e+02
   27      0.01573    0.0005636      0.9423        10.18   28   0      1e+02
   28      0.01272    0.0005636           1        9.097   29   0      1e+02
   29      0.01195    5.636e-06      0.9178       0.2249   30   0      1e+02
   30      0.01143    5.636e-06      0.8641       0.1672   31   0      1e+02
   31      0.01044    5.636e-06      0.6494       0.1556   32   0      1e+02
   32      0.01049    5.636e-06         0.5       0.1519   34   1      1e+02
   33      0.01028    5.636e-06      0.1992       0.1519   36   2      1e+02
   34      0.01003    5.636e-06     0.03188       0.1512   38   3      1e+02
   35      0.01007    5.636e-06     0.02674       0.1507   40   4      1e+02
   36      0.01004    5.636e-06     0.03317       0.1507   42   5      1e+02
step_type = -1


=========  Solution from Opt++  ===========

Optimization method       = Nonlinear Interior-Point Method
Dimension of the problem  = 9
No. equalities            = 0
No. inequalities          = 19
Merit Function (0= NormFmu, 1 = Argaez, 2 = Vanderbei) = 1
Return code               = -1 (Algorithm terminated - Number of backtracks exceeds the specified limit)
No. iterations taken      = 37
No. function evaluations  = 47
No. gradient evaluations  = 47
No. backtracks in lnsrch  = 10


=========  Solution from Opt++  ===========


    i	    xc 		 grad  		 fcn_accrcy 
     0     0.08861	      0.1147	    2.22e-16
     1     0.08451	       0.117	    2.22e-16
     2      0.3919	     0.01488	    2.22e-16
     3      0.3881	      0.0115	    2.22e-16
     4      0.1889	    0.007747	    2.22e-16
     5       0.125	     0.01808	    2.22e-16
     6      -4.984	    0.002779	    2.22e-16
     7       12.43	   0.0005114	    2.22e-16
     8       0.927	    0.001001	    2.22e-16
Function Value     =      0.01004
Norm of gradient   =       0.1661


==============================================



=========  Solution from Opt++  ===========


    i	   y    



=====================================


    i	    z 	      s

    0     0.02266   0.0002409
    1   0.0001174     0.04861
    2   0.0001236     0.04451
    3   6.158e-05     0.09191
    4   8.568e-05     0.08815
    5   6.807e-05     0.07887
    6   0.0004441     0.01496
    7   0.0001984     0.01572
    8   7.634e-07       7.431
    9   1.673e-05       0.427
   10   0.0002298     0.03139
   11   0.0002059     0.03549
   12   6.637e-05      0.1081
   13   5.085e-05      0.1119
   14     0.01323    0.001134
   15   8.429e-05     0.06504
   16   5.721e-07       9.984
   17   2.986e-06       2.569
   18   1.029e-05       0.573


==========  Tolerances  ===========

Machine Epsilon      = 2.22045e-16
Maximum Step         = 1000
Minimum Step         = 1.49012e-08
Maximum Iter         = 500
Maximum Backtracks   = 5
Maximum Fcn Eval     = 1000
Step Tolerance       = 1.49012e-08
Function Tolerance   = 1e-06
Constraint Tolerance = 1.49012e-08
Gradient Tolerance   = 0.0001
LineSearch Tolerance = 0.0001
