**********************************************************
OPT++ version 2.4
Job run at Wed Nov  4 13:44:51 2015

**********************************************************
readOptInput: No opt.input file found
readOptInput: default values will be used


=========  Initial state  ===========


    i	    xc 		 grad 		 fcn_accrcy 
     0        -4.2	      -8.404	    2.22e-16
     1           4	       8.004	    2.22e-16
Function Value     =        33.64
Norm of gradient   =        11.61


==============================================


		Bound constrained Newton Method with Line Search

  Iter      F(x)       ||grad||     ||step||      f/g

    0        33.64        11.61
    1    8.409e-06     0.005814        5.803  N     2     2
    2        5e-11    2.828e-05     0.002907  N     3     3
checkConvg: deltaf =    8.409e-06  ftol =       0.0001
OptBCNewtonLike : reduced_grad_norm = 2.82841e-05
OptBCNewtonLike : convergence achieved. 


=========  Solution from Opt++  ===========

Optimization method       = Bound constrained Newton
Dimension of the problem  = 2
No. of bound constraints  = 2
Return code               = 2 (Algorithm converged - Difference in successive fcn values less than tolerance)
No. iterations taken      = 2
No. function evaluations  = 3
No. gradient evaluations  = 3


==========  Tolerances  ===========

Machine Epsilon      = 2.22045e-16
Maximum Step         = 1000
Minimum Step         = 1.49012e-08
Maximum Iter         = 50
Maximum Backtracks   = 5
Maximum Fcn Eval     = 1000
Step Tolerance       = 1.49012e-08
Function Tolerance   = 0.0001
Constraint Tolerance = 1.49012e-08
Gradient Tolerance   = 0.0001
LineSearch Tolerance = 0.0001


=========  Solution from Opt++  ===========


    i	    xc 		 grad 		 fcn_accrcy 
     0      -5e-06	      -2e-05	    2.22e-16
     1       5e-06	       2e-05	    2.22e-16
Function Value     =        5e-11
Norm of gradient   =    2.828e-05


==============================================

